12:16:29.830 [main] DEBUG com.intuit.karate.Suite - [config] classpath:karate-config.js
12:16:30.520 [main] INFO  com.intuit.karate - karate.env system property was: null 
12:16:30.547 [main] ERROR com.intuit.karate - classpath:test/automation/getrequest/getrequest.feature:7
When I send the get request
no step-definition method match found for: I send the get request
classpath:test/automation/getrequest/getrequest.feature:7
12:17:35.814 [main] DEBUG com.intuit.karate.Suite - [config] classpath:karate-config.js
12:17:36.437 [main] INFO  com.intuit.karate - karate.env system property was: null 
12:17:36.659 [main] DEBUG com.intuit.karate - request:
1 > GET http://localhost/9898:/normal/webapi/all
1 > Host: localhost
1 > Connection: Keep-Alive
1 > User-Agent: Apache-HttpClient/4.5.14 (Java/11.0.22)
1 > Accept-Encoding: gzip,deflate


12:17:36.672 [main] ERROR com.intuit.karate - org.apache.http.conn.HttpHostConnectException: Connect to localhost:80 [localhost/127.0.0.1, localhost/0:0:0:0:0:0:0:1] failed: Connection refused: connect, http call failed after 210 milliseconds for url: http://localhost/9898:/normal/webapi/all
12:17:36.674 [main] ERROR com.intuit.karate - classpath:test/automation/getrequest/getrequest.feature:7
When method GET
http call failed after 210 milliseconds for url: http://localhost/9898:/normal/webapi/all
org.apache.http.conn.HttpHostConnectException: Connect to localhost:80 [localhost/127.0.0.1, localhost/0:0:0:0:0:0:0:1] failed: Connection refused: connect
classpath:test/automation/getrequest/getrequest.feature:7
12:18:11.723 [main] DEBUG com.intuit.karate.Suite - [config] classpath:karate-config.js
12:18:12.323 [main] INFO  com.intuit.karate - karate.env system property was: null 
12:18:12.519 [main] DEBUG com.intuit.karate - request:
1 > GET http://localhost/9897:/normal/webapi/all
1 > Host: localhost
1 > Connection: Keep-Alive
1 > User-Agent: Apache-HttpClient/4.5.14 (Java/11.0.22)
1 > Accept-Encoding: gzip,deflate


12:18:12.556 [main] ERROR com.intuit.karate - org.apache.http.conn.HttpHostConnectException: Connect to localhost:80 [localhost/127.0.0.1, localhost/0:0:0:0:0:0:0:1] failed: Connection refused: connect, http call failed after 209 milliseconds for url: http://localhost/9897:/normal/webapi/all
12:18:12.558 [main] ERROR com.intuit.karate - classpath:test/automation/getrequest/getrequest.feature:7
When method GET
http call failed after 209 milliseconds for url: http://localhost/9897:/normal/webapi/all
org.apache.http.conn.HttpHostConnectException: Connect to localhost:80 [localhost/127.0.0.1, localhost/0:0:0:0:0:0:0:1] failed: Connection refused: connect
classpath:test/automation/getrequest/getrequest.feature:7
12:18:36.976 [main] DEBUG com.intuit.karate.Suite - [config] classpath:karate-config.js
12:18:37.555 [main] INFO  com.intuit.karate - karate.env system property was: null 
12:18:37.753 [main] DEBUG com.intuit.karate - request:
1 > GET http://localhost:9897/normal/webapi/all
1 > Host: localhost:9897
1 > Connection: Keep-Alive
1 > User-Agent: Apache-HttpClient/4.5.14 (Java/11.0.22)
1 > Accept-Encoding: gzip,deflate


12:18:37.773 [main] DEBUG com.intuit.karate - response time in milliseconds: 19
1 < 200
1 < X-Content-Type-Options: nosniff
1 < X-XSS-Protection: 1; mode=block
1 < Cache-Control: no-cache, no-store, max-age=0, must-revalidate
1 < Pragma: no-cache
1 < Expires: 0
1 < X-Frame-Options: DENY
1 < Content-Type: application/json
1 < Transfer-Encoding: chunked
1 < Date: Wed, 20 Mar 2024 17:18:37 GMT
1 < Keep-Alive: timeout=60
1 < Connection: keep-alive
[{"jobId":1,"jobTitle":"Software Engg","jobDescription":"To develop andriod application","experience":["Google","Apple","Mobile Iron"],"project":[{"projectName":"Movie App","technology":["Kotlin","SQL Lite","Gradle"]}]}]

12:18:37.792 [main] ERROR com.intuit.karate - classpath:test/automation/getrequest/getrequest.feature:8
Then the status 200
no step-definition method match found for: the status 200
classpath:test/automation/getrequest/getrequest.feature:8
12:19:32.848 [main] DEBUG com.intuit.karate.Suite - [config] classpath:karate-config.js
12:19:33.460 [main] INFO  com.intuit.karate - karate.env system property was: null 
12:19:33.659 [main] DEBUG com.intuit.karate - request:
1 > GET http://localhost:9897/normal/webapi/all
1 > Host: localhost:9897
1 > Connection: Keep-Alive
1 > User-Agent: Apache-HttpClient/4.5.14 (Java/11.0.22)
1 > Accept-Encoding: gzip,deflate


12:19:33.677 [main] DEBUG com.intuit.karate - response time in milliseconds: 17
1 < 200
1 < X-Content-Type-Options: nosniff
1 < X-XSS-Protection: 1; mode=block
1 < Cache-Control: no-cache, no-store, max-age=0, must-revalidate
1 < Pragma: no-cache
1 < Expires: 0
1 < X-Frame-Options: DENY
1 < Content-Type: application/json
1 < Transfer-Encoding: chunked
1 < Date: Wed, 20 Mar 2024 17:19:33 GMT
1 < Keep-Alive: timeout=60
1 < Connection: keep-alive
[{"jobId":1,"jobTitle":"Software Engg","jobDescription":"To develop andriod application","experience":["Google","Apple","Mobile Iron"],"project":[{"projectName":"Movie App","technology":["Kotlin","SQL Lite","Gradle"]}]}]

12:23:53.571 [main] DEBUG com.intuit.karate.Suite - [config] classpath:karate-config.js
12:23:54.197 [main] INFO  com.intuit.karate - karate.env system property was: null 
12:23:54.400 [main] DEBUG com.intuit.karate - request:
1 > GET http://localhost:9897/normal/webapi/all
1 > Host: localhost:9897
1 > Connection: Keep-Alive
1 > User-Agent: Apache-HttpClient/4.5.14 (Java/11.0.22)
1 > Accept-Encoding: gzip,deflate


12:23:54.423 [main] DEBUG com.intuit.karate - response time in milliseconds: 21
1 < 200
1 < X-Content-Type-Options: nosniff
1 < X-XSS-Protection: 1; mode=block
1 < Cache-Control: no-cache, no-store, max-age=0, must-revalidate
1 < Pragma: no-cache
1 < Expires: 0
1 < X-Frame-Options: DENY
1 < Content-Type: application/json
1 < Transfer-Encoding: chunked
1 < Date: Wed, 20 Mar 2024 17:23:54 GMT
1 < Keep-Alive: timeout=60
1 < Connection: keep-alive
[{"jobId":1,"jobTitle":"Software Engg","jobDescription":"To develop andriod application","experience":["Google","Apple","Mobile Iron"],"project":[{"projectName":"Movie App","technology":["Kotlin","SQL Lite","Gradle"]}]}]

